<?xml version="1.0" encoding="UTF-8"?>
<testsuite xmlns:xsi="http://www.w3.org/2001/XMLSchema-instance" xsi:noNamespaceSchemaLocation="https://maven.apache.org/surefire/maven-surefire-plugin/xsd/surefire-test-report-3.0.xsd" version="3.0" name="com.gyan.darpan.employee.EmployeeServiceApplicationTests" time="6.206" tests="1" errors="0" skipped="0" failures="0">
  <properties>
[...]
</properties>
  <testcase name="contextLoads" classname="com.gyan.darpan.employee.EmployeeServiceApplicationTests" time="0.352">
    <system-out><![CDATA[2025-03-05 19:58:55 {INFO } {main} org.springframework.test.context.support.AnnotationConfigContextLoaderUtils.detectDefaultConfigurationClasses() {} - Could not detect default configuration classes for test class [com.gyan.darpan.employee.EmployeeServiceApplicationTests]: EmployeeServiceApplicationTests does not declare any static, non-private, non-final, nested classes annotated with @Configuration.
2025-03-05 19:58:55 {INFO } {main} org.springframework.boot.test.context.SpringBootTestContextBootstrapper.getOrFindConfigurationClasses() {} - Found @SpringBootConfiguration com.gyan.darpan.employee.EmployeeServiceApplication for test class com.gyan.darpan.employee.EmployeeServiceApplicationTests
  .   ____          _            __ _ _
 /\\ / ___'_ __ _ _(_)_ __  __ _ \ \ \ \
( ( )\___ | '_ | '_| | '_ \/ _` | \ \ \ \
 \\/  ___)| |_)| | | | | || (_| |  ) ) ) )
  '  |____| .__|_| |_|_| |_\__, | / / / /
 =========|_|==============|___/=/_/_/_/

 :: Spring Boot ::                (v3.3.0)

2025-03-05 19:58:55 {INFO } {main} com.gyan.darpan.employee.EmployeeServiceApplicationTests.logStarting() {} - Starting EmployeeServiceApplicationTests using Java 21.0.3 with PID 8859 (started by user1 in /Users/user1/Project1/employee-service)
2025-03-05 19:58:55 {INFO } {main} com.gyan.darpan.employee.EmployeeServiceApplicationTests.logStartupProfileInfo() {} - The following 1 profile is active: "dev"
2025-03-05 19:58:55 {INFO } {main} com.gyan.darpan.employee.config.CustomEnvironmentPostProcessor.logTo() {} - inside CustomEnvironmentPostProcessor
2025-03-05 19:58:55 {INFO } {main} com.gyan.darpan.employee.config.CustomEnvironmentPostProcessor.logTo() {} - AppMessage : Welcome to dev profile
2025-03-05 19:58:55 {INFO } {main} com.gyan.darpan.employee.EmployeeServiceApplicationTests.logStarted() {} - Started EmployeeServiceApplicationTests in 0.451 seconds (process running for 6.095)
]]></system-out>
    <system-err><![CDATA[WARNING: A Java agent has been loaded dynamically (/Users/user1/.m2/repository/net/bytebuddy/byte-buddy-agent/1.14.16/byte-buddy-agent-1.14.16.jar)
WARNING: If a serviceability tool is in use, please run with -XX:+EnableDynamicAgentLoading to hide this warning
WARNING: If a serviceability tool is not in use, please run with -Djdk.instrument.traceUsage for more information
WARNING: Dynamic loading of agents will be disallowed by default in a future release
]]></system-err>
  </testcase>
</testsuite>